Loading database...
Done loading database [26.1066858768s]
QUERY 1: exhaustive
Done executing CQs [35.8936359882s]
Calculating dist values...
Done calculating dists [0.000205993652344s]
Total CQs: 12
Timed Out CQs: 0
Valid CQs: 5
Top 5 tuples:
(1943, u'Dead Poets Society'), Dist: 3.33333333333, # CQs: 2
(1948, u'Dead Poets Society'), Dist: 1.83333333333, # CQs: 1
(1945, u'Dead Poets Society'), Dist: 1.83333333333, # CQs: 1
(1944, u'Dead Poets Society'), Dist: 1.83333333333, # CQs: 1
(1989, u'Dead Poets Society'), Dist: 1.83333333333, # CQs: 1
DONE [Parse Time: 0s, Query Time: 35.8936359882s, Computation Time: 0.000205993652344s]

QUERY 2: exhaustive
Done executing CQs [290.258703947s]
Calculating dist values...
Done calculating dists [0.000195980072021s]
Total CQs: 28
Timed Out CQs: 10
Valid CQs: 8
Top 5 tuples:
(1987, u'Ellen Page'), Dist: 3.71428571429, # CQs: 2
(u'Halifax', u'Ellen Page'), Dist: 3.71428571429, # CQs: 2
(u'Kingston', u'Ellen Page'), Dist: 3.71428571429, # CQs: 2
(1958, u'Ellen Page'), Dist: 3.71428571429, # CQs: 2
(u'Clarksville', u'Ellen Page'), Dist: 1.92857142857, # CQs: 1
DONE [Parse Time: 0s, Query Time: 290.258703947s, Computation Time: 0.000195980072021s]

QUERY 3: exhaustive
Done executing CQs [638.59581995s]
Calculating dist values...
Done calculating dists [0.392758131027s]
Total CQs: 42
Timed Out CQs: 40
Valid CQs: 1
Top 5 tuples:
(u'Italy', 4662653), Dist: 1.95238095238, # CQs: 1
(u'Belgium', 3805597), Dist: 1.95238095238, # CQs: 1
(u'Germany', 151320), Dist: 1.95238095238, # CQs: 1
(u'Norway', 4345878), Dist: 1.95238095238, # CQs: 1
(u'USA', 3888661), Dist: 1.95238095238, # CQs: 1
DONE [Parse Time: 0s, Query Time: 638.59581995s, Computation Time: 0.392758131027s]

QUERY 4: exhaustive
Done executing CQs [66.4510271549s]
Calculating dist values...
Done calculating dists [0.245001792908s]
Total CQs: 11
Timed Out CQs: 2
Valid CQs: 2
Top 5 tuples:
(u'On the Way', 2015), Dist: 3.27272727273, # CQs: 2
(u'Richard G\xf6lz. Der Kantor Schwabens', 2015), Dist: 3.27272727273, # CQs: 2
(u'Straight Outta Compton', 2015), Dist: 3.27272727273, # CQs: 2
(u'Friends in High Places', 2015), Dist: 1.81818181818, # CQs: 1
(u'The Ticket Mystery', 2015), Dist: 1.81818181818, # CQs: 1
DONE [Parse Time: 0s, Query Time: 66.4510271549s, Computation Time: 0.245001792908s]

QUERY 5: exhaustive
Done executing CQs [108.351707935s]
Calculating dist values...
Done calculating dists [0.0235788822174s]
Total CQs: 8
Timed Out CQs: 7
Valid CQs: 1
Top 5 tuples:
(u'Frank Gallegos', u'Los Angeles'), Dist: 1.75, # CQs: 1
(u'Cali Lee', u'Los Angeles'), Dist: 1.75, # CQs: 1
(u'Nathan Lee', u'Los Angeles'), Dist: 1.75, # CQs: 1
(u'Yves Bright', u'Los Angeles'), Dist: 1.75, # CQs: 1
(u'Robert Brent', u'Los Angeles'), Dist: 1.75, # CQs: 1
DONE [Parse Time: 0s, Query Time: 108.351707935s, Computation Time: 0.0235788822174s]

QUERY 6: exhaustive
Done executing CQs [231.62840414s]
Calculating dist values...
Done calculating dists [0.0953860282898s]
Total CQs: 18
Timed Out CQs: 11
Valid CQs: 2
Top 5 tuples:
(u'Mitchell Kosterman', u'Canada'), Dist: 1.88888888889, # CQs: 1
(u"Catherine O'Hara", u'Canada'), Dist: 1.88888888889, # CQs: 1
(u'Amanda Weise', u'Canada'), Dist: 1.88888888889, # CQs: 1
(u'Caroline Lesley', u'Canada'), Dist: 1.88888888889, # CQs: 1
(u'Jackson Taylor', u'Canada'), Dist: 1.88888888889, # CQs: 1
DONE [Parse Time: 0s, Query Time: 231.62840414s, Computation Time: 0.0953860282898s]

QUERY 7: exhaustive
Done executing CQs [123.176827908s]
Calculating dist values...
Done calculating dists [0.0192079544067s]
Total CQs: 9
Timed Out CQs: 8
Valid CQs: 1
Top 5 tuples:
(u'Shawn Caple', 1984), Dist: 1.77777777778, # CQs: 1
(u'Nat\xe1lia Guimar\xe3es', 1984), Dist: 1.77777777778, # CQs: 1
(u'Kornelia Angowska', 1984), Dist: 1.77777777778, # CQs: 1
(u'Carin da Silva', 1984), Dist: 1.77777777778, # CQs: 1
(u'Allison Hirschlag', 1984), Dist: 1.77777777778, # CQs: 1
DONE [Parse Time: 0s, Query Time: 123.176827908s, Computation Time: 0.0192079544067s]

QUERY 8: exhaustive
Done executing CQs [282.346056938s]
Calculating dist values...
Done calculating dists [0.000156879425049s]
Total CQs: 28
Timed Out CQs: 10
Valid CQs: 6
Top 5 tuples:
(1976, u'Benedict Cumberbatch'), Dist: 3.71428571429, # CQs: 2
(u'London', u'Benedict Cumberbatch'), Dist: 3.71428571429, # CQs: 2
(u'England', u'Benedict Cumberbatch'), Dist: 1.92857142857, # CQs: 1
(u'Bristol', u'Benedict Cumberbatch'), Dist: 1.92857142857, # CQs: 1
(1900, u'Benedict Cumberbatch'), Dist: 1.92857142857, # CQs: 1
DONE [Parse Time: 0s, Query Time: 282.346056938s, Computation Time: 0.000156879425049s]

QUERY 9: exhaustive
Done executing CQs [89.6341218948s]
Calculating dist values...
Done calculating dists [0.000113010406494s]
Total CQs: 7
Timed Out CQs: 3
Valid CQs: 3
Top 5 tuples:
(u'Austria', u'Christoph Waltz'), Dist: 2.85714285714, # CQs: 2
(u'Germany', u'Christoph Waltz'), Dist: 2.85714285714, # CQs: 2
DONE [Parse Time: 0s, Query Time: 89.6341218948s, Computation Time: 0.000113010406494s]

QUERY 10: exhaustive
Done executing CQs [631.333055973s]
Calculating dist values...
Done calculating dists [0.000627994537354s]
Total CQs: 56
Timed Out CQs: 21
Valid CQs: 26
Top 5 tuples:
(1959, u'Kevin Spacey'), Dist: 16.4285714286, # CQs: 10
(u'South Orange', u'Kevin Spacey'), Dist: 13.7142857143, # CQs: 8
(1973, u'Kevin Spacey'), Dist: 10.7142857143, # CQs: 6
(1960, u'Kevin Spacey'), Dist: 7.42857142857, # CQs: 4
(u'Chicago', u'Kevin Spacey'), Dist: 5.67857142857, # CQs: 3
DONE [Parse Time: 0s, Query Time: 631.333055973s, Computation Time: 0.000627994537354s]

QUERY 11: exhaustive
Done executing CQs [630.178142071s]
Calculating dist values...
Done calculating dists [0.000636100769043s]
Total CQs: 56
Timed Out CQs: 21
Valid CQs: 26
Top 5 tuples:
(1959, u'Kevin Spacey'), Dist: 16.4285714286, # CQs: 10
(u'South Orange', u'Kevin Spacey'), Dist: 13.7142857143, # CQs: 8
(1973, u'Kevin Spacey'), Dist: 10.7142857143, # CQs: 6
(1960, u'Kevin Spacey'), Dist: 7.42857142857, # CQs: 4
(u'Chicago', u'Kevin Spacey'), Dist: 5.67857142857, # CQs: 3
DONE [Parse Time: 0s, Query Time: 630.178142071s, Computation Time: 0.000636100769043s]

QUERY 12: exhaustive
Done executing CQs [791.197053909s]
Calculating dist values...
Done calculating dists [0.00200605392456s]
Total CQs: 68
Timed Out CQs: 27
Valid CQs: 30
Top 5 tuples:
(u'South Orange', u'Kevin Spacey'), Dist: 14.1176470588, # CQs: 8
(u'Kevin Spacey', u'Kevin Spacey'), Dist: 10.9411764706, # CQs: 6
(u'Trigger Street Productions', u'Kevin Spacey'), Dist: 7.52941176471, # CQs: 4
(u'Archer Street Productions', u'Kevin Spacey'), Dist: 5.73529411765, # CQs: 3
(u'QI Quality International GmbH & Co. KG', u'Kevin Spacey'), Dist: 5.73529411765, # CQs: 3
DONE [Parse Time: 0s, Query Time: 791.197053909s, Computation Time: 0.00200605392456s]

QUERY 13: exhaustive
Done executing CQs [633.343100786s]
Calculating dist values...
Done calculating dists [0.000634908676147s]
Total CQs: 56
Timed Out CQs: 22
Valid CQs: 26
Top 5 tuples:
(1959, u'Kevin Spacey'), Dist: 16.4285714286, # CQs: 10
(u'South Orange', u'Kevin Spacey'), Dist: 13.7142857143, # CQs: 8
(1973, u'Kevin Spacey'), Dist: 10.7142857143, # CQs: 6
(1960, u'Kevin Spacey'), Dist: 7.42857142857, # CQs: 4
(u'Chicago', u'Kevin Spacey'), Dist: 5.67857142857, # CQs: 3
DONE [Parse Time: 0s, Query Time: 633.343100786s, Computation Time: 0.000634908676147s]

QUERY 14: exhaustive
Done executing CQs [316.219090939s]
Calculating dist values...
Done calculating dists [0.000195980072021s]
Total CQs: 28
Timed Out CQs: 11
Valid CQs: 13
Top 5 tuples:
(u'USA', u'Kevin Spacey'), Dist: 13.3571428571, # CQs: 11
(u'UK', u'Kevin Spacey'), Dist: 9.42857142857, # CQs: 6
(u'Italy', u'Kevin Spacey'), Dist: 5.35714285714, # CQs: 3
(u'Greece', u'Kevin Spacey'), Dist: 3.71428571429, # CQs: 2
(u'Czechoslovakia', u'Kevin Spacey'), Dist: 3.71428571429, # CQs: 2
DONE [Parse Time: 0s, Query Time: 316.219090939s, Computation Time: 0.000195980072021s]

QUERY 15: exhaustive
Done executing CQs [123.291501999s]
Calculating dist values...
Done calculating dists [0.0166218280792s]
Total CQs: 9
Timed Out CQs: 8
Valid CQs: 1
Top 5 tuples:
(u'Raul Cremona', u'Italy'), Dist: 1.77777777778, # CQs: 1
(u'Teddy Reno', u'Italy'), Dist: 1.77777777778, # CQs: 1
(u'Alessandro Roja', u'Italy'), Dist: 1.77777777778, # CQs: 1
(u'Alessandro Tiberi', u'Italy'), Dist: 1.77777777778, # CQs: 1
(u'Gabriele Foresti', u'Italy'), Dist: 1.77777777778, # CQs: 1
DONE [Parse Time: 0s, Query Time: 123.291501999s, Computation Time: 0.0166218280792s]

QUERY 16: exhaustive
Done executing CQs [143.899271965s]
Calculating dist values...
Done calculating dists [0.00385618209839s]
Total CQs: 11
Timed Out CQs: 8
Valid CQs: 2
Top 5 tuples:
(u'Paresh Rawal', u'Milan'), Dist: 1.81818181818, # CQs: 1
(u'Maria Grazia Buccella', u'Milan'), Dist: 1.81818181818, # CQs: 1
(u'Bebo Storti', u'Milan'), Dist: 1.81818181818, # CQs: 1
(u'Giacomo Valdameri', u'Milan'), Dist: 1.81818181818, # CQs: 1
(u'Rajlaxmi Devi', u'Milan'), Dist: 1.81818181818, # CQs: 1
DONE [Parse Time: 0s, Query Time: 143.899271965s, Computation Time: 0.00385618209839s]

QUERY 17: exhaustive
Done executing CQs [13.4114911556s]
Calculating dist values...
Done calculating dists [0.000120878219604s]
Total CQs: 8
Timed Out CQs: 0
Valid CQs: 1
Top 5 tuples:
(u'$94,000,000', u'Finding Nemo'), Dist: 1.75, # CQs: 1
DONE [Parse Time: 0s, Query Time: 13.4114911556s, Computation Time: 0.000120878219604s]

QUERY 18: exhaustive
Done executing CQs [124.780535936s]
Calculating dist values...
Done calculating dists [0.00111889839172s]
Total CQs: 11
Timed Out CQs: 7
Valid CQs: 2
Top 5 tuples:
(u'Reza Farahan', u'Tehran'), Dist: 1.81818181818, # CQs: 1
(u'Parsa Pirouzfar', u'Tehran'), Dist: 1.81818181818, # CQs: 1
(u'Mohammed Mossadegh', u'Tehran'), Dist: 1.81818181818, # CQs: 1
(u'Farshid Seilatani', u'Tehran'), Dist: 1.81818181818, # CQs: 1
(u'Maria Petros', u'Tehran'), Dist: 1.81818181818, # CQs: 1
DONE [Parse Time: 0s, Query Time: 124.780535936s, Computation Time: 0.00111889839172s]

QUERY 19: exhaustive
Done executing CQs [107.667521s]
Calculating dist values...
Done calculating dists [0.000811100006104s]
Total CQs: 11
Timed Out CQs: 5
Valid CQs: 3
Top 5 tuples:
(u'The Sugarland Express', u'Steven Spielberg', 3715312), Dist: 1.81818181818, # CQs: 1
(u'The Visionary', u'Steven Spielberg', 3725139), Dist: 1.81818181818, # CQs: 1
(u'Jaws', u'Steven Spielberg', 2061514), Dist: 1.81818181818, # CQs: 1
(u'Lincoln', u'Steven Spielberg', 3235565), Dist: 1.81818181818, # CQs: 1
(u"Schindler's List", u'Steven Spielberg', 2061514), Dist: 1.81818181818, # CQs: 1
DONE [Parse Time: 0s, Query Time: 107.667521s, Computation Time: 0.000811100006104s]

QUERY 20: exhaustive
Done executing CQs [6.50035905838s]
Calculating dist values...
Done calculating dists [0.000195980072021s]
Total CQs: 1
Timed Out CQs: 0
Valid CQs: 1
Top 5 tuples:
(u'Jeff Reiner', u'Catch Me If You Can'), Dist: 0.0, # CQs: 1
(u'Steve Sommers', u'Catch Me If You Can'), Dist: 0.0, # CQs: 1
(u'Steven Sommers', u'Catch Me If You Can'), Dist: 0.0, # CQs: 1
(u'Steven Spielberg', u'Catch Me If You Can'), Dist: 0.0, # CQs: 1
(u'Stephen Spielberg', u'Catch Me If You Can'), Dist: 0.0, # CQs: 1
DONE [Parse Time: 0s, Query Time: 6.50035905838s, Computation Time: 0.000195980072021s]

QUERY 21: exhaustive
Done executing CQs [15.0019519329s]
Calculating dist values...
Done calculating dists [7.20024108887e-05s]
Total CQs: 1
Timed Out CQs: 1
Valid CQs: 0
Top 5 tuples:
DONE [Parse Time: 0s, Query Time: 15.0019519329s, Computation Time: 7.20024108887e-05s]

QUERY 22: exhaustive
Done executing CQs [3.46652293205s]
Calculating dist values...
Done calculating dists [0.000144004821777s]
Total CQs: 1
Timed Out CQs: 0
Valid CQs: 1
Top 5 tuples:
(u'Sci-Fi', u'Jurassic Park'), Dist: 0.0, # CQs: 1
(u'Thriller', u'Jurassic Park'), Dist: 0.0, # CQs: 1
(u'Drama', u'Jurassic Park'), Dist: 0.0, # CQs: 1
(u'Adventure', u'Jurassic Park'), Dist: 0.0, # CQs: 1
DONE [Parse Time: 0s, Query Time: 3.46652293205s, Computation Time: 0.000144004821777s]

QUERY 23: exhaustive
Done executing CQs [68.0659470558s]
Calculating dist values...
Done calculating dists [0.000125169754028s]
Total CQs: 18
Timed Out CQs: 0
Valid CQs: 1
Top 5 tuples:
(u'Stephen Greene', u'Joy', 2015), Dist: 1.88888888889, # CQs: 1
(u'David Owen Russell', u'Joy', 2015), Dist: 1.88888888889, # CQs: 1
(u'Heyishi Zhang', u'Joy', 2015), Dist: 1.88888888889, # CQs: 1
(u'Solomon Onita Jr.', u'Joy', 2015), Dist: 1.88888888889, # CQs: 1
(u'D. Russell', u'Joy', 2015), Dist: 1.88888888889, # CQs: 1
DONE [Parse Time: 0s, Query Time: 68.0659470558s, Computation Time: 0.000125169754028s]

QUERY 24: exhaustive
Done executing CQs [161.895989895s]
Calculating dist values...
Done calculating dists [9.51290130615e-05s]
Total CQs: 16
Timed Out CQs: 7
Valid CQs: 0
Top 5 tuples:
DONE [Parse Time: 0s, Query Time: 161.895989895s, Computation Time: 9.51290130615e-05s]

QUERY 25: exhaustive
Done executing CQs [4.3763999939s]
Calculating dist values...
Done calculating dists [0.000127077102661s]
Total CQs: 1
Timed Out CQs: 0
Valid CQs: 1
Top 5 tuples:
(u'Gerry', u'Matt Damon'), Dist: 0.0, # CQs: 1
(u'Good Will Hunting', u'Matt Damon'), Dist: 0.0, # CQs: 1
(u'Promised Land', u'Matt Damon'), Dist: 0.0, # CQs: 1
DONE [Parse Time: 0s, Query Time: 4.3763999939s, Computation Time: 0.000127077102661s]

QUERY 26: exhaustive
Done executing CQs [10.4311509132s]
Calculating dist values...
Done calculating dists [0.000453948974609s]
Total CQs: 1
Timed Out CQs: 0
Valid CQs: 1
Top 5 tuples:
(u'The Dressmaker', u'Kate Winslet'), Dist: 0.0, # CQs: 1
(u'The 49th Bafta Awards', u'Kate Winslet'), Dist: 0.0, # CQs: 1
(u'The 77th Annual Academy Awards', u'Kate Winslet'), Dist: 0.0, # CQs: 1
(u'The Life of David Gale', u'Kate Winslet'), Dist: 0.0, # CQs: 1
(u'The 82nd Annual Academy Awards', u'Kate Winslet'), Dist: 0.0, # CQs: 1
DONE [Parse Time: 0s, Query Time: 10.4311509132s, Computation Time: 0.000453948974609s]

QUERY 27: exhaustive
Done executing CQs [103.668263912s]
Calculating dist values...
Done calculating dists [0.000118970870972s]
Total CQs: 42
Timed Out CQs: 1
Valid CQs: 1
Top 5 tuples:
(u'$7,500,000', u'Juno', 2007), Dist: 1.95238095238, # CQs: 1
DONE [Parse Time: 0s, Query Time: 103.668263912s, Computation Time: 0.000118970870972s]

QUERY 28: exhaustive
Done executing CQs [230.687415838s]
Calculating dist values...
Done calculating dists [0.333682060242s]
Total CQs: 30
Timed Out CQs: 7
Valid CQs: 4
Top 5 tuples:
(u'On the Way', 2015), Dist: 6.93333333333, # CQs: 4
(u'Richard G\xf6lz. Der Kantor Schwabens', 2015), Dist: 6.93333333333, # CQs: 4
(u'Straight Outta Compton', 2015), Dist: 6.93333333333, # CQs: 4
(u'Friends in High Places', 2015), Dist: 3.73333333333, # CQs: 2
(u'The Ticket Mystery', 2015), Dist: 3.73333333333, # CQs: 2
DONE [Parse Time: 0s, Query Time: 230.687415838s, Computation Time: 0.333682060242s]

QUERY 29: exhaustive
Done executing CQs [15.0020961761s]
Calculating dist values...
Done calculating dists [8.20159912109e-05s]
Total CQs: 1
Timed Out CQs: 1
Valid CQs: 0
Top 5 tuples:
DONE [Parse Time: 0s, Query Time: 15.0020961761s, Computation Time: 8.20159912109e-05s]

QUERY 30: exhaustive
Done executing CQs [693.999047041s]
Calculating dist values...
Done calculating dists [0.00687503814697s]
Total CQs: 49
Timed Out CQs: 45
Valid CQs: 1
Top 5 tuples:
(u'Leandro Di Salvo', u'Los Angeles', 1984), Dist: 1.95918367347, # CQs: 1
(u'Rob Kardashian', u'Los Angeles', 1987), Dist: 1.95918367347, # CQs: 1
(u'Donna Simone Johnson', u'Los Angeles', 1987), Dist: 1.95918367347, # CQs: 1
(u'Jennette McCurdy', u'Los Angeles', 1992), Dist: 1.95918367347, # CQs: 1
(u'Griffin Gluck', u'Los Angeles', 2000), Dist: 1.95918367347, # CQs: 1
DONE [Parse Time: 0s, Query Time: 693.999047041s, Computation Time: 0.00687503814697s]

QUERY 31: exhaustive
Done executing CQs [30.0042750835s]
Calculating dist values...
Done calculating dists [8.20159912109e-05s]
Total CQs: 2
Timed Out CQs: 2
Valid CQs: 0
Top 5 tuples:
DONE [Parse Time: 0s, Query Time: 30.0042750835s, Computation Time: 8.20159912109e-05s]

QUERY 32: exhaustive
Done executing CQs [2.7627120018s]
Calculating dist values...
Done calculating dists [0.000151872634888s]
Total CQs: 1
Timed Out CQs: 0
Valid CQs: 1
Top 5 tuples:
(u'Fox Searchlight Pictures', u'Juno'), Dist: 0.0, # CQs: 1
(u'Mandate Pictures', u'Juno'), Dist: 0.0, # CQs: 1
(u'Mr. Mudd', u'Juno'), Dist: 0.0, # CQs: 1
DONE [Parse Time: 0s, Query Time: 2.7627120018s, Computation Time: 0.000151872634888s]

QUERY 33: exhaustive
Done executing CQs [4.62651705742s]
Calculating dist values...
Done calculating dists [0.000282049179077s]
Total CQs: 2
Timed Out CQs: 0
Valid CQs: 2
Top 5 tuples:
(u'13 Minutes', u'Netflix'), Dist: 1.0, # CQs: 1
(u'The Panama Papers', u'Netflix'), Dist: 1.0, # CQs: 1
(u'Ever After High: Way Too Wonderland', u'Netflix'), Dist: 1.0, # CQs: 1
(u'Bright', u'Netflix'), Dist: 1.0, # CQs: 1
(u'War Machine', u'Netflix'), Dist: 1.0, # CQs: 1
DONE [Parse Time: 0s, Query Time: 4.62651705742s, Computation Time: 0.000282049179077s]

QUERY 34: exhaustive
Done executing CQs [1102.50189304s]
Calculating dist values...
Done calculating dists [0.000466108322144s]
Total CQs: 103
Timed Out CQs: 66
Valid CQs: 1
Top 5 tuples:
(u'Chelsea Holland', u'New York City', 1984), Dist: 1.98058252427, # CQs: 1
(u'Cullen Jones', u'New York City', 1984), Dist: 1.98058252427, # CQs: 1
(u'Elizabeth Masucci', u'New York City', 1984), Dist: 1.98058252427, # CQs: 1
(u'Quinn Culkin', u'New York City', 1984), Dist: 1.98058252427, # CQs: 1
(u'Victor Rasuk', u'New York City', 1984), Dist: 1.98058252427, # CQs: 1
DONE [Parse Time: 0s, Query Time: 1102.50189304s, Computation Time: 0.000466108322144s]

QUERY 35: exhaustive
Done executing CQs [15.2893149853s]
Calculating dist values...
Done calculating dists [0.000355958938599s]
Total CQs: 2
Timed Out CQs: 1
Valid CQs: 1
Top 5 tuples:
(u'Avaze gonjeshk-ha', u'persian'), Dist: 1.0, # CQs: 1
(u'Thief of Damascus', u'persian'), Dist: 1.0, # CQs: 1
(u'Kasi az gorbehaye irani khabar nadareh', u'persian'), Dist: 1.0, # CQs: 1
(u'No One Thinks About the Garden', u'persian'), Dist: 1.0, # CQs: 1
(u'Alexander the Great', u'persian'), Dist: 1.0, # CQs: 1
DONE [Parse Time: 0s, Query Time: 15.2893149853s, Computation Time: 0.000355958938599s]

QUERY 36: exhaustive
Done executing CQs [979.78433013s]
Calculating dist values...
Done calculating dists [0.00120401382446s]
Total CQs: 70
Timed Out CQs: 60
Valid CQs: 2
Top 5 tuples:
(u'Lucas Leguizamo', u'New York City', 2000), Dist: 1.97142857143, # CQs: 1
(u'Jacob Kogan', u'New York City', 1995), Dist: 1.97142857143, # CQs: 1
(u'Jordan Burt', u'New York City', 1991), Dist: 1.97142857143, # CQs: 1
(u'Michaela McPherson', u'New York City', 1991), Dist: 1.97142857143, # CQs: 1
(u'Daniel Tay', u'New York City', 1991), Dist: 1.97142857143, # CQs: 1
DONE [Parse Time: 0s, Query Time: 979.78433013s, Computation Time: 0.00120401382446s]

QUERY 37: exhaustive
Done executing CQs [257.981147051s]
Calculating dist values...
Done calculating dists [0.00626111030579s]
Total CQs: 33
Timed Out CQs: 6
Valid CQs: 6
Top 5 tuples:
(u'Steamboat Willie', u'Walt Disney', 3567109), Dist: 7.0303030303, # CQs: 4
(u'The Barn Dance', u'Walt Disney', 3616331), Dist: 5.45454545455, # CQs: 3
(u'The Cactus Kid', u'Walt Disney', 3625353), Dist: 5.45454545455, # CQs: 3
(u"Alice's Fishy Story", u'Walt Disney', 2682671), Dist: 5.45454545455, # CQs: 3
(u'Jack the Giant Killer', u'Walt Disney', 3127546), Dist: 5.45454545455, # CQs: 3
DONE [Parse Time: 0s, Query Time: 257.981147051s, Computation Time: 0.00626111030579s]

QUERY 38: exhaustive
Done executing CQs [14.9398300648s]
Calculating dist values...
Done calculating dists [0.000345230102539s]
Total CQs: 2
Timed Out CQs: 0
Valid CQs: 2
Top 5 tuples:
(u'Doctor Strange', u'Benedict Cumberbatch'), Dist: 1.0, # CQs: 1
(u'Zoolander 2', u'Benedict Cumberbatch'), Dist: 1.0, # CQs: 1
(u'The 64th Primetime Emmy Awards', u'Benedict Cumberbatch'), Dist: 1.0, # CQs: 1
(u'Shakespeare Live! From the RSC', u'Benedict Cumberbatch'), Dist: 1.0, # CQs: 1
(u'Hawking', u'Benedict Cumberbatch'), Dist: 1.0, # CQs: 1
DONE [Parse Time: 0s, Query Time: 14.9398300648s, Computation Time: 0.000345230102539s]

QUERY 39: exhaustive
Done executing CQs [23.3270449638s]
Calculating dist values...
Done calculating dists [0.000602960586548s]
Total CQs: 4
Timed Out CQs: 0
Valid CQs: 4
Top 5 tuples:
(u'Sabotage', u'Alfred Hitchcock'), Dist: 2.0, # CQs: 2
(u'Number Seventeen', u'Alfred Hitchcock'), Dist: 2.0, # CQs: 2
(u'Mr. & Mrs. Smith', u'Alfred Hitchcock'), Dist: 2.0, # CQs: 2
(u'Spellbound', u'Alfred Hitchcock'), Dist: 2.0, # CQs: 2
(u'Easy Virtue', u'Alfred Hitchcock'), Dist: 2.0, # CQs: 2
DONE [Parse Time: 0s, Query Time: 23.3270449638s, Computation Time: 0.000602960586548s]

QUERY 40: exhaustive
Done executing CQs [305.827615976s]
Calculating dist values...
Done calculating dists [0.0018310546875s]
Total CQs: 44
Timed Out CQs: 8
Valid CQs: 3
Top 5 tuples:
(u'Autism', u'Autism'), Dist: 3.81818181818, # CQs: 2
(u'Best Kept Secret', u'autism'), Dist: 1.95454545455, # CQs: 1
(u'X+Y', u'autism'), Dist: 1.95454545455, # CQs: 1
(u'Arts: A Film About Possibilities, Disabilities and the Arts', u'autism'), Dist: 1.95454545455, # CQs: 1
(u'Walking Into Mirrors', u'autism'), Dist: 1.95454545455, # CQs: 1
DONE [Parse Time: 0s, Query Time: 305.827615976s, Computation Time: 0.0018310546875s]

QUERY 41: exhaustive
Done executing CQs [88.3668310642s]
Calculating dist values...
Done calculating dists [8.10623168945e-05s]
Total CQs: 7
Timed Out CQs: 4
Valid CQs: 0
Top 5 tuples:
DONE [Parse Time: 0s, Query Time: 88.3668310642s, Computation Time: 8.10623168945e-05s]

QUERY 42: exhaustive
Done executing CQs [88.778096199s]
Calculating dist values...
Done calculating dists [0.000149011611938s]
Total CQs: 12
Timed Out CQs: 2
Valid CQs: 2
Top 5 tuples:
(u'A coraz\xf3n abierto', u'Shonda Rhimes'), Dist: 1.83333333333, # CQs: 1
(u'Seattle Grace: On Call', u'Shonda Rhimes'), Dist: 1.83333333333, # CQs: 1
(u'Seattle Grace: Message of Hope', u'Shonda Rhimes'), Dist: 1.83333333333, # CQs: 1
(u"Grey's Anatomy", u'Shonda Rhimes'), Dist: 1.83333333333, # CQs: 1
(u'Scandal', u'Shonda Rhimes'), Dist: 1.83333333333, # CQs: 1
DONE [Parse Time: 0s, Query Time: 88.778096199s, Computation Time: 0.000149011611938s]

QUERY 43: exhaustive
Done executing CQs [540.10402298s]
Calculating dist values...
Done calculating dists [8.9168548584e-05s]
Total CQs: 40
Timed Out CQs: 25
Valid CQs: 0
Top 5 tuples:
DONE [Parse Time: 0s, Query Time: 540.10402298s, Computation Time: 8.9168548584e-05s]

QUERY 44: exhaustive
Done executing CQs [89.0350599289s]
Calculating dist values...
Done calculating dists [8.10623168945e-05s]
Total CQs: 7
Timed Out CQs: 4
Valid CQs: 0
Top 5 tuples:
DONE [Parse Time: 0s, Query Time: 89.0350599289s, Computation Time: 8.10623168945e-05s]

QUERY 45: exhaustive
Done executing CQs [339.477870941s]
Calculating dist values...
Done calculating dists [0.000517129898071s]
Total CQs: 47
Timed Out CQs: 9
Valid CQs: 5
Top 5 tuples:
(u'Quentin Tarantino', u'Inglourious Basterds'), Dist: 5.6170212766, # CQs: 3
(u'Kuenthin Taranth\xeeno', u'Inglourious Basterds'), Dist: 3.82978723404, # CQs: 2
(u'Inglourious Basterds', u'Inglourious Basterds'), Dist: 3.82978723404, # CQs: 2
(u'Eli R. Roth', u'Inglourious Basterds'), Dist: 3.82978723404, # CQs: 2
(u'Q', u'Inglourious Basterds'), Dist: 3.82978723404, # CQs: 2
DONE [Parse Time: 0s, Query Time: 339.477870941s, Computation Time: 0.000517129898071s]

QUERY 46: exhaustive
Done executing CQs [4.07435894012s]
Calculating dist values...
Done calculating dists [9.48905944824e-05s]
Total CQs: 1
Timed Out CQs: 0
Valid CQs: 1
Top 5 tuples:
(u'Quentin Tarantino', u'Django Unchained'), Dist: 0.0, # CQs: 1
DONE [Parse Time: 0s, Query Time: 4.07435894012s, Computation Time: 9.48905944824e-05s]

QUERY 47: exhaustive
Done executing CQs [45.8378369808s]
Calculating dist values...
Done calculating dists [0.000391960144043s]
Total CQs: 6
Timed Out CQs: 0
Valid CQs: 3
Top 5 tuples:
(u'2014 Golden Globe Arrivals Special', u'Kerry Washington'), Dist: 1.66666666667, # CQs: 1
(u'Scandal', u'Kerry Washington'), Dist: 1.66666666667, # CQs: 1
(u'The Oscars', u'Kerry Washington'), Dist: 1.66666666667, # CQs: 1
(u'The 64th Primetime Emmy Awards', u'Kerry Washington'), Dist: 1.66666666667, # CQs: 1
(u'The 66th Primetime Emmy Awards', u'Kerry Washington'), Dist: 1.66666666667, # CQs: 1
DONE [Parse Time: 0s, Query Time: 45.8378369808s, Computation Time: 0.000391960144043s]

QUERY 48: exhaustive
Done executing CQs [15.0673670769s]
Calculating dist values...
Done calculating dists [0.000360012054443s]
Total CQs: 2
Timed Out CQs: 0
Valid CQs: 2
Top 5 tuples:
(u'2014 Golden Globe Arrivals Special', u'Kerry Washington'), Dist: 1.0, # CQs: 1
(u'The Oscars', u'Kerry Washington'), Dist: 1.0, # CQs: 1
(u'The 64th Primetime Emmy Awards', u'Kerry Washington'), Dist: 1.0, # CQs: 1
(u'The 66th Primetime Emmy Awards', u'Kerry Washington'), Dist: 1.0, # CQs: 1
(u'Django Unchained', u'Kerry Washington'), Dist: 1.0, # CQs: 1
DONE [Parse Time: 0s, Query Time: 15.0673670769s, Computation Time: 0.000360012054443s]

QUERY 49: exhaustive
Done executing CQs [15.0016720295s]
Calculating dist values...
Done calculating dists [7.10487365723e-05s]
Total CQs: 1
Timed Out CQs: 1
Valid CQs: 0
Top 5 tuples:
DONE [Parse Time: 0s, Query Time: 15.0016720295s, Computation Time: 7.10487365723e-05s]

QUERY 50: exhaustive
Done executing CQs [15.0020599365s]
Calculating dist values...
Done calculating dists [8.29696655273e-05s]
Total CQs: 1
Timed Out CQs: 1
Valid CQs: 0
Top 5 tuples:
DONE [Parse Time: 0s, Query Time: 15.0020599365s, Computation Time: 8.29696655273e-05s]

QUERY 51: exhaustive
Done executing CQs [32.3055150509s]
Calculating dist values...
Done calculating dists [0.00018310546875s]
Total CQs: 3
Timed Out CQs: 0
Valid CQs: 1
Top 5 tuples:
(u'Mr Maple Leaf', u'Scott Foley'), Dist: 1.33333333333, # CQs: 1
(u'Raving Maniacs', u'Scott Foley'), Dist: 1.33333333333, # CQs: 1
(u'Scream 3', u'Scott Foley'), Dist: 1.33333333333, # CQs: 1
(u'Below', u'Scott Foley'), Dist: 1.33333333333, # CQs: 1
(u'The 46th Annual NAACP Image Awards', u'Scott Foley'), Dist: 1.33333333333, # CQs: 1
DONE [Parse Time: 0s, Query Time: 32.3055150509s, Computation Time: 0.00018310546875s]

QUERY 52: exhaustive
Done executing CQs [4.65216684341s]
Calculating dist values...
Done calculating dists [0.000181913375854s]
Total CQs: 5
Timed Out CQs: 0
Valid CQs: 5
Top 5 tuples:
(u'Above Average', u'Everyday Scandal'), Dist: 1.6, # CQs: 1
(u'eTV', u'Scandal!'), Dist: 1.6, # CQs: 1
(u'Clive Morris Productions', u'Scandal'), Dist: 1.6, # CQs: 1
(u'CBS News Productions', u'Scandal!'), Dist: 1.6, # CQs: 1
(u'ABC Studios', u'Scandal'), Dist: 1.6, # CQs: 1
DONE [Parse Time: 0s, Query Time: 4.65216684341s, Computation Time: 0.000181913375854s]

QUERY 53: exhaustive
Done executing CQs [4.32879090309s]
Calculating dist values...
Done calculating dists [0.000272035598755s]
Total CQs: 2
Timed Out CQs: 0
Valid CQs: 2
Top 5 tuples:
(u'Jessica Jones', u'Netflix'), Dist: 1.0, # CQs: 1
(u'Making a Murderer', u'Netflix'), Dist: 1.0, # CQs: 1
(u'G.L.O.W.', u'Netflix'), Dist: 1.0, # CQs: 1
(u'Mindhunter', u'Netflix'), Dist: 1.0, # CQs: 1
(u'Cooked', u'Netflix'), Dist: 1.0, # CQs: 1
DONE [Parse Time: 0s, Query Time: 4.32879090309s, Computation Time: 0.000272035598755s]

QUERY 54: exhaustive
Done executing CQs [4.13548707962s]
Calculating dist values...
Done calculating dists [0.000498056411743s]
Total CQs: 2
Timed Out CQs: 0
Valid CQs: 2
Top 5 tuples:
(u'13 Minutes', u'Netflix'), Dist: 1.0, # CQs: 1
(u'The Panama Papers', u'Netflix'), Dist: 1.0, # CQs: 1
(u'Ever After High: Way Too Wonderland', u'Netflix'), Dist: 1.0, # CQs: 1
(u'Bright', u'Netflix'), Dist: 1.0, # CQs: 1
(u'War Machine', u'Netflix'), Dist: 1.0, # CQs: 1
DONE [Parse Time: 0s, Query Time: 4.13548707962s, Computation Time: 0.000498056411743s]

QUERY 55: exhaustive
Done executing CQs [22.2007629871s]
Calculating dist values...
Done calculating dists [0.000450134277344s]
Total CQs: 4
Timed Out CQs: 0
Valid CQs: 4
Top 5 tuples:
(u'Swimming with Sharks', u'Kevin Spacey'), Dist: 2.0, # CQs: 2
(u'Hackers Wanted', u'Kevin Spacey'), Dist: 2.0, # CQs: 2
(u'The United States of Leland', u'Kevin Spacey'), Dist: 2.0, # CQs: 2
(u'NOW: In the Wings on a World Stage', u'Kevin Spacey'), Dist: 2.0, # CQs: 2
(u'Father of Invention', u'Kevin Spacey'), Dist: 2.0, # CQs: 2
DONE [Parse Time: 0s, Query Time: 22.2007629871s, Computation Time: 0.000450134277344s]

QUERY 56: exhaustive
Done executing CQs [106.852900028s]
Calculating dist values...
Done calculating dists [0.000115156173706s]
Total CQs: 12
Timed Out CQs: 6
Valid CQs: 1
Top 5 tuples:
(u'Lou Wilson', 3682591, u'netflix'), Dist: 1.83333333333, # CQs: 1
DONE [Parse Time: 0s, Query Time: 106.852900028s, Computation Time: 0.000115156173706s]

QUERY 57: exhaustive
Done executing CQs [368.746490955s]
Calculating dist values...
Done calculating dists [6.69956207275e-05s]
Total CQs: 38
Timed Out CQs: 21
Valid CQs: 0
Top 5 tuples:
DONE [Parse Time: 0s, Query Time: 368.746490955s, Computation Time: 6.69956207275e-05s]

QUERY 58: exhaustive
Done executing CQs [20.447437048s]
Calculating dist values...
Done calculating dists [0.000393867492676s]
Total CQs: 3
Timed Out CQs: 0
Valid CQs: 3
Top 5 tuples:
(u'Message in a Bottle', u'Robin Wright'), Dist: 1.33333333333, # CQs: 1
(u'Toys', u'Robin Wright'), Dist: 1.33333333333, # CQs: 1
(u'The Last Castle', u'Robin Wright'), Dist: 1.33333333333, # CQs: 1
(u'Wonder Woman', u'Robin Wright'), Dist: 1.33333333333, # CQs: 1
(u'Home', u'Robin Wright'), Dist: 1.33333333333, # CQs: 1
DONE [Parse Time: 0s, Query Time: 20.447437048s, Computation Time: 0.000393867492676s]

QUERY 59: exhaustive
Done executing CQs [1340.85569882s]
Calculating dist values...
Done calculating dists [0.000833988189697s]
Total CQs: 109
Timed Out CQs: 74
Valid CQs: 1
Top 5 tuples:
(u'female', u'Lilas Lane', u'Austin'), Dist: 1.98165137615, # CQs: 1
(u'female', u'Trillium', u'Austin'), Dist: 1.98165137615, # CQs: 1
(u'female', u'Kelsey Higgs', u'Austin'), Dist: 1.98165137615, # CQs: 1
(u'female', u'Shannon Morris', u'Austin'), Dist: 1.98165137615, # CQs: 1
(u'female', u'Megan Devine', u'Austin'), Dist: 1.98165137615, # CQs: 1
DONE [Parse Time: 0s, Query Time: 1340.85569882s, Computation Time: 0.000833988189697s]

QUERY 60: exhaustive
Done executing CQs [988.679883957s]
Calculating dist values...
Done calculating dists [0.000825166702271s]
Total CQs: 76
Timed Out CQs: 55
Valid CQs: 2
Top 5 tuples:
(u'Vincent James Prendergast', u'Austin', 1982), Dist: 1.97368421053, # CQs: 1
(u'Angus T. Jones', u'Austin', 1993), Dist: 1.97368421053, # CQs: 1
(u'Stacy Lynn Austin', u'Austin', 1986), Dist: 1.97368421053, # CQs: 1
(u'Michael Ted Ferris', u'Austin', 1981), Dist: 1.97368421053, # CQs: 1
(u'Wallis Currie-Wood', u'Austin', 1991), Dist: 1.97368421053, # CQs: 1
DONE [Parse Time: 0s, Query Time: 988.679883957s, Computation Time: 0.000825166702271s]

QUERY 61: exhaustive
Done executing CQs [72.744079113s]
Calculating dist values...
Done calculating dists [7.60555267334e-05s]
Total CQs: 7
Timed Out CQs: 3
Valid CQs: 0
Top 5 tuples:
DONE [Parse Time: 0s, Query Time: 72.744079113s, Computation Time: 7.60555267334e-05s]

QUERY 62: exhaustive
Done executing CQs [753.369913101s]
Calculating dist values...
Done calculating dists [0.00215196609497s]
Total CQs: 51
Timed Out CQs: 50
Valid CQs: 1
Top 5 tuples:
(u"Alessia D'Apote", u'Italy', 1992), Dist: 1.96078431373, # CQs: 1
(u'Sara Santostasi', u'Italy', 1993), Dist: 1.96078431373, # CQs: 1
(u'Mehdi Meskar', u'Italy', 1995), Dist: 1.96078431373, # CQs: 1
(u'Gabriele Patriarca', u'Italy', 1988), Dist: 1.96078431373, # CQs: 1
(u'Francesco Casisa', u'Italy', 1987), Dist: 1.96078431373, # CQs: 1
DONE [Parse Time: 0s, Query Time: 753.369913101s, Computation Time: 0.00215196609497s]

QUERY 63: exhaustive
Done executing CQs [6492.08449697s]
Calculating dist values...
Done calculating dists [0.00207304954529s]
Total CQs: 486
Timed Out CQs: 404
Valid CQs: 1
Top 5 tuples:
(u'female', u'Gillian Zinser', u'New York City', 1985), Dist: 1.99588477366, # CQs: 1
(u'female', u'Nicole Patrick', u'New York City', 1991), Dist: 1.99588477366, # CQs: 1
(u'female', u'Jessica Cunningham', u'New York City', 1986), Dist: 1.99588477366, # CQs: 1
(u'female', u'Io Tillett Wright', u'New York City', 1985), Dist: 1.99588477366, # CQs: 1
(u'female', u'Karissa Barcelo', u'New York City', 1985), Dist: 1.99588477366, # CQs: 1
DONE [Parse Time: 0s, Query Time: 6492.08449697s, Computation Time: 0.00207304954529s]

QUERY 64: exhaustive
Done executing CQs [75.6055231094s]
Calculating dist values...
Done calculating dists [8.98838043213e-05s]
Total CQs: 7
Timed Out CQs: 4
Valid CQs: 0
Top 5 tuples:
DONE [Parse Time: 0s, Query Time: 75.6055231094s, Computation Time: 8.98838043213e-05s]

QUERY 65: exhaustive
Done executing CQs [60.00812006s]
Calculating dist values...
Done calculating dists [8.39233398438e-05s]
Total CQs: 4
Timed Out CQs: 4
Valid CQs: 0
Top 5 tuples:
DONE [Parse Time: 0s, Query Time: 60.00812006s, Computation Time: 8.39233398438e-05s]

QUERY 66: exhaustive
Done executing CQs [15.0027279854s]
Calculating dist values...
Done calculating dists [7.9870223999e-05s]
Total CQs: 1
Timed Out CQs: 1
Valid CQs: 0
Top 5 tuples:
DONE [Parse Time: 0s, Query Time: 15.0027279854s, Computation Time: 7.9870223999e-05s]

QUERY 67: exhaustive
Done executing CQs [37.8023719788s]
Calculating dist values...
Done calculating dists [0.000214099884033s]
Total CQs: 12
Timed Out CQs: 0
Valid CQs: 5
Top 5 tuples:
(1981, u'The Imitation Game'), Dist: 4.5, # CQs: 3
(1959, u'The Imitation Game'), Dist: 1.83333333333, # CQs: 1
(1987, u'The Imitation Game'), Dist: 1.83333333333, # CQs: 1
(1982, u'The Imitation Game'), Dist: 1.83333333333, # CQs: 1
(1967, u'The Imitation Game'), Dist: 1.83333333333, # CQs: 1
DONE [Parse Time: 0s, Query Time: 37.8023719788s, Computation Time: 0.000214099884033s]

QUERY 68: exhaustive
Done executing CQs [0.309030056s]
Calculating dist values...
Done calculating dists [0.000922203063965s]
Total CQs: 1
Timed Out CQs: 0
Valid CQs: 1
Top 5 tuples:
(u'Losing Ahmad', u'iraq-war'), Dist: 0.0, # CQs: 1
(u'About Baghdad', u'iraq-war'), Dist: 0.0, # CQs: 1
(u'The Raging Grannies of Tucson', u'iraq-war'), Dist: 0.0, # CQs: 1
(u'Happy New Year', u'iraq-war'), Dist: 0.0, # CQs: 1
(u'I r\xe6vens hule - Saddams Irak', u'iraq-war'), Dist: 0.0, # CQs: 1
DONE [Parse Time: 0s, Query Time: 0.309030056s, Computation Time: 0.000922203063965s]

QUERY 69: exhaustive
Done executing CQs [136.366409063s]
Calculating dist values...
Done calculating dists [0.000308036804199s]
Total CQs: 12
Timed Out CQs: 5
Valid CQs: 4
Top 5 tuples:
(u'Yama Rahimi', u'Afghanistan'), Dist: 3.33333333333, # CQs: 2
(u'Dixon Christie', u'afghanistan'), Dist: 1.83333333333, # CQs: 1
(u'Jem Cohen', u'Afghanistan'), Dist: 1.83333333333, # CQs: 1
(u'Walid Nakschbandi', u'Afghanistan'), Dist: 1.83333333333, # CQs: 1
(u'Tarique Qayumi', u'afghanistan'), Dist: 1.83333333333, # CQs: 1
DONE [Parse Time: 0s, Query Time: 136.366409063s, Computation Time: 0.000308036804199s]

QUERY 70: exhaustive
Done executing CQs [326.146327019s]
Calculating dist values...
Done calculating dists [0.000312089920044s]
Total CQs: 27
Timed Out CQs: 15
Valid CQs: 4
Top 5 tuples:
(u'Burhanuddin Rabbani', u'Afghanistan'), Dist: 3.7037037037, # CQs: 2
(u'Peter Bergan', u'Afghanistan'), Dist: 3.7037037037, # CQs: 2
(u'Jem Cohen', u'Afghanistan'), Dist: 1.92592592593, # CQs: 1
(u'Ahmad Shah Massoud', u'Afghanistan'), Dist: 1.92592592593, # CQs: 1
(u'NiNa', u'Afghanistan'), Dist: 1.92592592593, # CQs: 1
DONE [Parse Time: 0s, Query Time: 326.146327019s, Computation Time: 0.000312089920044s]

QUERY 71: exhaustive
Done executing CQs [4.29812502861s]
Calculating dist values...
Done calculating dists [0.000119209289551s]
Total CQs: 1
Timed Out CQs: 0
Valid CQs: 1
Top 5 tuples:
(u'Andrew Niccol', u'The Truman Show'), Dist: 0.0, # CQs: 1
DONE [Parse Time: 0s, Query Time: 4.29812502861s, Computation Time: 0.000119209289551s]

QUERY 72: exhaustive
Done executing CQs [252.143269062s]
Calculating dist values...
Done calculating dists [0.0121488571167s]
Total CQs: 35
Timed Out CQs: 14
Valid CQs: 2
Top 5 tuples:
(u'Sci-Fi', u'Meteor Storm', 2010), Dist: 3.77142857143, # CQs: 2
(u'Sci-Fi', u'Space Chimps 2: Zartog Strikes Back', 2010), Dist: 1.94285714286, # CQs: 1
(u'Sci-Fi', u'Mongolian Death Worm', 2010), Dist: 1.94285714286, # CQs: 1
(u'Sci-Fi', u'Sacrifice', 2010), Dist: 1.94285714286, # CQs: 1
(u'Sci-Fi', u'Just Another Joe', 2010), Dist: 1.94285714286, # CQs: 1
DONE [Parse Time: 0s, Query Time: 252.143269062s, Computation Time: 0.0121488571167s]

QUERY 73: exhaustive
Done executing CQs [8.20236706734s]
Calculating dist values...
Done calculating dists [0.000360012054443s]
Total CQs: 1
Timed Out CQs: 0
Valid CQs: 1
Top 5 tuples:
(u'Anoop', u'Camp X-Ray'), Dist: 0.0, # CQs: 1
(u'Jian Peng Zhu', u'Camp X-Ray'), Dist: 0.0, # CQs: 1
(u'Lane Edward Garrison', u'Camp X-Ray'), Dist: 0.0, # CQs: 1
(u'Anoop Simon', u'Camp X-Ray'), Dist: 0.0, # CQs: 1
(u'Meemo', u'Camp X-Ray'), Dist: 0.0, # CQs: 1
DONE [Parse Time: 0s, Query Time: 8.20236706734s, Computation Time: 0.000360012054443s]

QUERY 74: exhaustive
Done executing CQs [424.601415157s]
Calculating dist values...
Done calculating dists [8.39233398438e-05s]
Total CQs: 50
Timed Out CQs: 15
Valid CQs: 0
Top 5 tuples:
DONE [Parse Time: 0s, Query Time: 424.601415157s, Computation Time: 8.39233398438e-05s]

QUERY 75: exhaustive
Done executing CQs [57.4536371231s]
Calculating dist values...
Done calculating dists [0.000133037567139s]
Total CQs: 5
Timed Out CQs: 2
Valid CQs: 2
Top 5 tuples:
(u'James Bond', u'James Cole'), Dist: 1.6, # CQs: 1
(u'James Bond', u'Baiju Kottarakkara'), Dist: 1.6, # CQs: 1
(u'James Bond', u'Biju Kottarakkara'), Dist: 1.6, # CQs: 1
(u'James Bond', u'Sai Kishore Macha'), Dist: 1.6, # CQs: 1
DONE [Parse Time: 0s, Query Time: 57.4536371231s, Computation Time: 0.000133037567139s]

QUERY 76: exhaustive
Done executing CQs [812.155230045s]
Calculating dist values...
Done calculating dists [0.000253200531006s]
Total CQs: 85
Timed Out CQs: 35
Valid CQs: 6
Top 5 tuples:
(u'Comedy', u'Rowan Atkinson', u'mr-bean'), Dist: 3.90588235294, # CQs: 2
(u'Rowan Atkinson Live', u'Rowan Atkinson', u'mr-bean'), Dist: 3.90588235294, # CQs: 2
(u'Unseen Bean', u'Rowan Atkinson', u'mr-bean'), Dist: 1.97647058824, # CQs: 1
(u'Animation', u'Rowan Atkinson', u'mr-bean'), Dist: 1.97647058824, # CQs: 1
(u'Family', u'Rowan Atkinson', u'mr-bean'), Dist: 1.97647058824, # CQs: 1
DONE [Parse Time: 0s, Query Time: 812.155230045s, Computation Time: 0.000253200531006s]

QUERY 77: exhaustive
Done executing CQs [15.0017430782s]
Calculating dist values...
Done calculating dists [6.69956207275e-05s]
Total CQs: 1
Timed Out CQs: 1
Valid CQs: 0
Top 5 tuples:
DONE [Parse Time: 0s, Query Time: 15.0017430782s, Computation Time: 6.69956207275e-05s]

QUERY 78: exhaustive
Done executing CQs [53.0530438423s]
Calculating dist values...
Done calculating dists [0.000121116638184s]
Total CQs: 5
Timed Out CQs: 3
Valid CQs: 2
Top 5 tuples:
(447621, u'the-past'), Dist: 1.6, # CQs: 1
(4193687, u'The Past'), Dist: 1.6, # CQs: 1
(4239023, u'The Past'), Dist: 1.6, # CQs: 1
DONE [Parse Time: 0s, Query Time: 53.0530438423s, Computation Time: 0.000121116638184s]

QUERY 79: exhaustive
Done executing CQs [120.016577005s]
Calculating dist values...
Done calculating dists [9.20295715332e-05s]
Total CQs: 8
Timed Out CQs: 8
Valid CQs: 0
Top 5 tuples:
DONE [Parse Time: 0s, Query Time: 120.016577005s, Computation Time: 9.20295715332e-05s]

QUERY 80: exhaustive
Done executing CQs [7.08398389816s]
Calculating dist values...
Done calculating dists [0.000183820724487s]
Total CQs: 1
Timed Out CQs: 0
Valid CQs: 1
Top 5 tuples:
(u'Drama', u'Asghar Farhadi'), Dist: 0.0, # CQs: 1
(u'Mystery', u'Asghar Farhadi'), Dist: 0.0, # CQs: 1
(u'Thriller', u'Asghar Farhadi'), Dist: 0.0, # CQs: 1
(u'Romance', u'Asghar Farhadi'), Dist: 0.0, # CQs: 1
DONE [Parse Time: 0s, Query Time: 7.08398389816s, Computation Time: 0.000183820724487s]

QUERY 81: exhaustive
Done executing CQs [15.0017740726s]
Calculating dist values...
Done calculating dists [6.69956207275e-05s]
Total CQs: 1
Timed Out CQs: 1
Valid CQs: 0
Top 5 tuples:
DONE [Parse Time: 0s, Query Time: 15.0017740726s, Computation Time: 6.69956207275e-05s]

QUERY 82: exhaustive
Done executing CQs [4.35648107529s]
Calculating dist values...
Done calculating dists [0.000150203704834s]
Total CQs: 5
Timed Out CQs: 0
Valid CQs: 5
Top 5 tuples:
(u'Disney Television Animation', u'Mickey Mouse Works'), Dist: 1.6, # CQs: 1
(u'Disney Television Animation', u'Mickey Mouse Clubhouse'), Dist: 1.6, # CQs: 1
(u'Disney Television Animation', u'Mickey Mouse'), Dist: 1.6, # CQs: 1
(u'Walt Disney Productions', u'The Mickey Mouse Club'), Dist: 1.6, # CQs: 1
(u'Walt Disney Television', u'The New Mickey Mouse Club'), Dist: 1.6, # CQs: 1
DONE [Parse Time: 0s, Query Time: 4.35648107529s, Computation Time: 0.000150203704834s]

QUERY 83: exhaustive
Done executing CQs [30.0039281845s]
Calculating dist values...
Done calculating dists [8.32080841064e-05s]
Total CQs: 2
Timed Out CQs: 2
Valid CQs: 0
Top 5 tuples:
DONE [Parse Time: 0s, Query Time: 30.0039281845s, Computation Time: 8.32080841064e-05s]

QUERY 84: exhaustive
Done executing CQs [166.79833293s]
Calculating dist values...
Done calculating dists [8.51154327393e-05s]
Total CQs: 19
Timed Out CQs: 6
Valid CQs: 0
Top 5 tuples:
DONE [Parse Time: 0s, Query Time: 166.79833293s, Computation Time: 8.51154327393e-05s]

QUERY 85: exhaustive
Done executing CQs [0.299223899841s]
Calculating dist values...
Done calculating dists [0.000825166702271s]
Total CQs: 1
Timed Out CQs: 0
Valid CQs: 1
Top 5 tuples:
(u'Plan\xfcbung', u'nuclear-weapons'), Dist: 0.0, # CQs: 1
(u'The Last Man', u'nuclear-weapons'), Dist: 0.0, # CQs: 1
(u'Stargate', u'nuclear-weapons'), Dist: 0.0, # CQs: 1
(u'Battlefield Earth', u'nuclear-weapons'), Dist: 0.0, # CQs: 1
(u"Twilight's Last Gleaming", u'nuclear-weapons'), Dist: 0.0, # CQs: 1
DONE [Parse Time: 0s, Query Time: 0.299223899841s, Computation Time: 0.000825166702271s]

QUERY 86: exhaustive
Done executing CQs [15.0025081635s]
Calculating dist values...
Done calculating dists [9.10758972168e-05s]
Total CQs: 1
Timed Out CQs: 1
Valid CQs: 0
Top 5 tuples:
DONE [Parse Time: 0s, Query Time: 15.0025081635s, Computation Time: 9.10758972168e-05s]

QUERY 87: exhaustive
Done executing CQs [0.0125250816345s]
Calculating dist values...
Done calculating dists [3.60012054443e-05s]
Total CQs: 18
Timed Out CQs: 0
Valid CQs: 0
Top 5 tuples:
DONE [Parse Time: 0s, Query Time: 0.0125250816345s, Computation Time: 3.60012054443e-05s]

QUERY 88: exhaustive
Done executing CQs [7.95511507988s]
Calculating dist values...
Done calculating dists [0.000120878219604s]
Total CQs: 1
Timed Out CQs: 0
Valid CQs: 1
Top 5 tuples:
(55, u'Grumpier Old Men'), Dist: 0.0, # CQs: 1
DONE [Parse Time: 0s, Query Time: 7.95511507988s, Computation Time: 0.000120878219604s]

QUERY 89: exhaustive
Done executing CQs [22.5291640759s]
Calculating dist values...
Done calculating dists [0.000124931335449s]
Total CQs: 4
Timed Out CQs: 0
Valid CQs: 4
Top 5 tuples:
(44, u'Alfred Hitchcock'), Dist: 1.5, # CQs: 1
(22, u'Alfred Hitchcock'), Dist: 1.5, # CQs: 1
(64, u'Alfred Hitchcock'), Dist: 1.5, # CQs: 1
(24, u'Alfred Hitchcock'), Dist: 1.5, # CQs: 1
DONE [Parse Time: 0s, Query Time: 22.5291640759s, Computation Time: 0.000124931335449s]

QUERY 90: exhaustive
Done executing CQs [78.4505739212s]
Calculating dist values...
Done calculating dists [0.000127077102661s]
Total CQs: 12
Timed Out CQs: 3
Valid CQs: 3
Top 5 tuples:
(6, 2012), Dist: 1.83333333333, # CQs: 1
(4, 2012), Dist: 1.83333333333, # CQs: 1
(59524, 2012), Dist: 1.83333333333, # CQs: 1
DONE [Parse Time: 0s, Query Time: 78.4505739212s, Computation Time: 0.000127077102661s]

QUERY 91: exhaustive
Done executing CQs [116.484980106s]
Calculating dist values...
Done calculating dists [0.000438928604126s]
Total CQs: 11
Timed Out CQs: 6
Valid CQs: 3
Top 5 tuples:
(1, u'Woody Allen', 1975), Dist: 1.81818181818, # CQs: 1
(1, u'Woody Allen', 2009), Dist: 1.81818181818, # CQs: 1
(1, u'Woody Allen', 1966), Dist: 1.81818181818, # CQs: 1
(1, u'Woody Allen', 1935), Dist: 1.81818181818, # CQs: 1
(2, u'Woody Allen', 1971), Dist: 1.81818181818, # CQs: 1
DONE [Parse Time: 0s, Query Time: 116.484980106s, Computation Time: 0.000438928604126s]

QUERY 92: exhaustive
Done executing CQs [78.6669027805s]
Calculating dist values...
Done calculating dists [0.000127077102661s]
Total CQs: 12
Timed Out CQs: 3
Valid CQs: 3
Top 5 tuples:
(98, 2013), Dist: 1.83333333333, # CQs: 1
(63168, 2013), Dist: 1.83333333333, # CQs: 1
(27, 2013), Dist: 1.83333333333, # CQs: 1
DONE [Parse Time: 0s, Query Time: 78.6669027805s, Computation Time: 0.000127077102661s]

QUERY 93: exhaustive
Done executing CQs [15.0947420597s]
Calculating dist values...
Done calculating dists [0.000121116638184s]
Total CQs: 2
Timed Out CQs: 0
Valid CQs: 2
Top 5 tuples:
(1, u'Ronald Reagan'), Dist: 1.0, # CQs: 1
(99, u'Ronald Reagan'), Dist: 1.0, # CQs: 1
DONE [Parse Time: 0s, Query Time: 15.0947420597s, Computation Time: 0.000121116638184s]

QUERY 94: exhaustive
Done executing CQs [0.0296900272369s]
Calculating dist values...
Done calculating dists [3.50475311279e-05s]
Total CQs: 49
Timed Out CQs: 0
Valid CQs: 0
Top 5 tuples:
DONE [Parse Time: 0s, Query Time: 0.0296900272369s, Computation Time: 3.50475311279e-05s]

QUERY 95: exhaustive
Done executing CQs [0.0108580589294s]
Calculating dist values...
Done calculating dists [4.60147857666e-05s]
Total CQs: 15
Timed Out CQs: 0
Valid CQs: 0
Top 5 tuples:
DONE [Parse Time: 0s, Query Time: 0.0108580589294s, Computation Time: 4.60147857666e-05s]

QUERY 96: exhaustive
Done executing CQs [149.936562061s]
Calculating dist values...
Done calculating dists [0.000313997268677s]
Total CQs: 17
Timed Out CQs: 8
Valid CQs: 2
Top 5 tuples:
(2, u'Brad Pitt', 1992), Dist: 1.88235294118, # CQs: 1
(4, u'Brad Pitt', 2009), Dist: 1.88235294118, # CQs: 1
(2, u'Brad Pitt', 1993), Dist: 1.88235294118, # CQs: 1
(1, u'Brad Pitt', 2015), Dist: 1.88235294118, # CQs: 1
(1, u'Brad Pitt', 2017), Dist: 1.88235294118, # CQs: 1
DONE [Parse Time: 0s, Query Time: 149.936562061s, Computation Time: 0.000313997268677s]

QUERY 97: exhaustive
Done executing CQs [36.4911329746s]
Calculating dist values...
Done calculating dists [0.000134944915771s]
Total CQs: 5
Timed Out CQs: 1
Valid CQs: 3
Top 5 tuples:
(69, u'Tom Cruise'), Dist: 1.6, # CQs: 1
(22, u'Tom Cruise'), Dist: 1.6, # CQs: 1
(1, u'Tom Cruise'), Dist: 1.6, # CQs: 1
DONE [Parse Time: 0s, Query Time: 36.4911329746s, Computation Time: 0.000134944915771s]

QUERY 98: exhaustive
Done executing CQs [2.67081999779s]
Calculating dist values...
Done calculating dists [0.000112056732178s]
Total CQs: 10
Timed Out CQs: 0
Valid CQs: 1
Top 5 tuples:
(4, u'iraq-war', 2015), Dist: 1.8, # CQs: 1
DONE [Parse Time: 0s, Query Time: 2.67081999779s, Computation Time: 0.000112056732178s]

QUERY 99: exhaustive
Done executing CQs [0.0129370689392s]
Calculating dist values...
Done calculating dists [3.31401824951e-05s]
Total CQs: 18
Timed Out CQs: 0
Valid CQs: 0
Top 5 tuples:
DONE [Parse Time: 0s, Query Time: 0.0129370689392s, Computation Time: 3.31401824951e-05s]

QUERY 100: exhaustive
Done executing CQs [21.8286409378s]
Calculating dist values...
Done calculating dists [0.000128030776978s]
Total CQs: 4
Timed Out CQs: 0
Valid CQs: 3
Top 5 tuples:
(63, u'Matt Damon'), Dist: 1.5, # CQs: 1
(3, u'Matt Damon'), Dist: 1.5, # CQs: 1
(23, u'Matt Damon'), Dist: 1.5, # CQs: 1
DONE [Parse Time: 0s, Query Time: 21.8286409378s, Computation Time: 0.000128030776978s]

QUERY 101: exhaustive
Done executing CQs [0.0203728675842s]
Calculating dist values...
Done calculating dists [3.60012054443e-05s]
Total CQs: 28
Timed Out CQs: 0
Valid CQs: 0
Top 5 tuples:
DONE [Parse Time: 0s, Query Time: 0.0203728675842s, Computation Time: 3.60012054443e-05s]

QUERY 102: exhaustive
Done executing CQs [0.0214450359344s]
Calculating dist values...
Done calculating dists [9.01222229004e-05s]
Total CQs: 32
Timed Out CQs: 0
Valid CQs: 0
Top 5 tuples:
DONE [Parse Time: 0s, Query Time: 0.0214450359344s, Computation Time: 9.01222229004e-05s]

QUERY 103: exhaustive
Done executing CQs [0.184563875198s]
Calculating dist values...
Done calculating dists [3.91006469727e-05s]
Total CQs: 368
Timed Out CQs: 0
Valid CQs: 0
Top 5 tuples:
DONE [Parse Time: 0s, Query Time: 0.184563875198s, Computation Time: 3.91006469727e-05s]

QUERY 104: exhaustive
Done executing CQs [14.60790205s]
Calculating dist values...
Done calculating dists [0.0001060962677s]
Total CQs: 3
Timed Out CQs: 0
Valid CQs: 2
Top 5 tuples:
(56, u'Brad Pitt'), Dist: 1.33333333333, # CQs: 1
(69, u'Brad Pitt'), Dist: 1.33333333333, # CQs: 1
DONE [Parse Time: 0s, Query Time: 14.60790205s, Computation Time: 0.0001060962677s]

QUERY 105: exhaustive
Done executing CQs [21.5364949703s]
Calculating dist values...
Done calculating dists [8.79764556885e-05s]
Total CQs: 4
Timed Out CQs: 0
Valid CQs: 4
Top 5 tuples:
(136, u'Steven Spielberg'), Dist: 1.5, # CQs: 1
(87, u'Steven Spielberg'), Dist: 1.5, # CQs: 1
(49, u'Steven Spielberg'), Dist: 1.5, # CQs: 1
(14, u'Steven Spielberg'), Dist: 1.5, # CQs: 1
DONE [Parse Time: 0s, Query Time: 21.5364949703s, Computation Time: 8.79764556885e-05s]

QUERY 106: exhaustive
Done executing CQs [4.45165991783s]
Calculating dist values...
Done calculating dists [0.000119924545288s]
Total CQs: 2
Timed Out CQs: 0
Valid CQs: 2
Top 5 tuples:
(26, u'Netflix'), Dist: 1.0, # CQs: 1
(1, u'netflix'), Dist: 1.0, # CQs: 1
DONE [Parse Time: 0s, Query Time: 4.45165991783s, Computation Time: 0.000119924545288s]

QUERY 107: exhaustive
Done executing CQs [0.277281999588s]
Calculating dist values...
Done calculating dists [4.10079956055e-05s]
Total CQs: 486
Timed Out CQs: 0
Valid CQs: 0
Top 5 tuples:
DONE [Parse Time: 0s, Query Time: 0.277281999588s, Computation Time: 4.10079956055e-05s]

QUERY 108: exhaustive
Done executing CQs [8.01839494705s]
Calculating dist values...
Done calculating dists [0.000102043151855s]
Total CQs: 1
Timed Out CQs: 0
Valid CQs: 1
Top 5 tuples:
(210, u'Saving Private Ryan'), Dist: 0.0, # CQs: 1
DONE [Parse Time: 0s, Query Time: 8.01839494705s, Computation Time: 0.000102043151855s]

QUERY 109: exhaustive
Done executing CQs [13.3155989647s]
Calculating dist values...
Done calculating dists [9.60826873779e-05s]
Total CQs: 2
Timed Out CQs: 0
Valid CQs: 1
Top 5 tuples:
(7, u'Shahab Hosseini'), Dist: 1.0, # CQs: 1
DONE [Parse Time: 0s, Query Time: 13.3155989647s, Computation Time: 9.60826873779e-05s]

QUERY 110: exhaustive
Done executing CQs [305.049973011s]
Calculating dist values...
Done calculating dists [5.10215759277e-05s]
Total CQs: 24
Timed Out CQs: 18
Valid CQs: 0
Top 5 tuples:
DONE [Parse Time: 0s, Query Time: 305.049973011s, Computation Time: 5.10215759277e-05s]

QUERY 111: exhaustive
Done executing CQs [4.00625705719s]
Calculating dist values...
Done calculating dists [0.000102996826172s]
Total CQs: 3
Timed Out CQs: 0
Valid CQs: 2
Top 5 tuples:
(8, u'camp-x-ray'), Dist: 1.33333333333, # CQs: 1
(5, u'Camp X-Ray'), Dist: 1.33333333333, # CQs: 1
DONE [Parse Time: 0s, Query Time: 4.00625705719s, Computation Time: 0.000102996826172s]

QUERY 112: exhaustive
Done executing CQs [600.69115591s]
Calculating dist values...
Done calculating dists [8.79764556885e-05s]
Total CQs: 104
Timed Out CQs: 27
Valid CQs: 0
Top 5 tuples:
DONE [Parse Time: 0s, Query Time: 600.69115591s, Computation Time: 8.79764556885e-05s]

QUERY 113: exhaustive
Done executing CQs [84.6164848804s]
Calculating dist values...
Done calculating dists [8.89301300049e-05s]
Total CQs: 12
Timed Out CQs: 4
Valid CQs: 0
Top 5 tuples:
DONE [Parse Time: 0s, Query Time: 84.6164848804s, Computation Time: 8.89301300049e-05s]

QUERY 114: exhaustive
Done executing CQs [60.0084888935s]
Calculating dist values...
Done calculating dists [0.000115871429443s]
Total CQs: 4
Timed Out CQs: 4
Valid CQs: 0
Top 5 tuples:
DONE [Parse Time: 0s, Query Time: 60.0084888935s, Computation Time: 0.000115871429443s]

QUERY 115: exhaustive
Done executing CQs [15.0023109913s]
Calculating dist values...
Done calculating dists [8.10623168945e-05s]
Total CQs: 1
Timed Out CQs: 1
Valid CQs: 0
Top 5 tuples:
DONE [Parse Time: 0s, Query Time: 15.0023109913s, Computation Time: 8.10623168945e-05s]

QUERY 116: exhaustive
Done executing CQs [52.7494568825s]
Calculating dist values...
Done calculating dists [9.20295715332e-05s]
Total CQs: 4
Timed Out CQs: 3
Valid CQs: 0
Top 5 tuples:
DONE [Parse Time: 0s, Query Time: 52.7494568825s, Computation Time: 9.20295715332e-05s]

QUERY 117: exhaustive
Done executing CQs [188.147830963s]
Calculating dist values...
Done calculating dists [9.3936920166e-05s]
Total CQs: 16
Timed Out CQs: 8
Valid CQs: 0
Top 5 tuples:
DONE [Parse Time: 0s, Query Time: 188.147830963s, Computation Time: 9.3936920166e-05s]

QUERY 118: exhaustive
Done executing CQs [0.013768196106s]
Calculating dist values...
Done calculating dists [3.2901763916e-05s]
Total CQs: 21
Timed Out CQs: 0
Valid CQs: 0
Top 5 tuples:
DONE [Parse Time: 0s, Query Time: 0.013768196106s, Computation Time: 3.2901763916e-05s]

QUERY 119: exhaustive
Done executing CQs [135.022264004s]
Calculating dist values...
Done calculating dists [8.39233398438e-05s]
Total CQs: 9
Timed Out CQs: 9
Valid CQs: 0
Top 5 tuples:
DONE [Parse Time: 0s, Query Time: 135.022264004s, Computation Time: 8.39233398438e-05s]

QUERY 120: exhaustive
Done executing CQs [122.899610996s]
Calculating dist values...
Done calculating dists [0.00016188621521s]
Total CQs: 10
Timed Out CQs: 6
Valid CQs: 4
Top 5 tuples:
(1032302, u'Jim Jarmusch'), Dist: 4.8, # CQs: 4
(2748633, u'Jim Jarmusch'), Dist: 3.2, # CQs: 2
(268917, u'Jim Jarmusch'), Dist: 3.2, # CQs: 2
(4238819, u'Jim Jarmusch'), Dist: 3.2, # CQs: 2
(1295954, u'Jim Jarmusch'), Dist: 3.2, # CQs: 2
DONE [Parse Time: 0s, Query Time: 122.899610996s, Computation Time: 0.00016188621521s]

QUERY 121: exhaustive
Done executing CQs [15.0040400028s]
Calculating dist values...
Done calculating dists [8.41617584229e-05s]
Total CQs: 1
Timed Out CQs: 1
Valid CQs: 0
Top 5 tuples:
DONE [Parse Time: 0s, Query Time: 15.0040400028s, Computation Time: 8.41617584229e-05s]

QUERY 122: exhaustive
Done executing CQs [127.608223915s]
Calculating dist values...
Done calculating dists [0.0001220703125s]
Total CQs: 10
Timed Out CQs: 6
Valid CQs: 2
Top 5 tuples:
(u'Regen', u'China'), Dist: 1.8, # CQs: 1
(u'Worst Date Ever', u'China'), Dist: 1.8, # CQs: 1
(u'Nf713', u'China'), Dist: 1.8, # CQs: 1
DONE [Parse Time: 0s, Query Time: 127.608223915s, Computation Time: 0.0001220703125s]

QUERY 123: exhaustive
Done executing CQs [177.883917093s]
Calculating dist values...
Done calculating dists [8.20159912109e-05s]
Total CQs: 12
Timed Out CQs: 11
Valid CQs: 0
Top 5 tuples:
DONE [Parse Time: 0s, Query Time: 177.883917093s, Computation Time: 8.20159912109e-05s]

QUERY 124: exhaustive
Done executing CQs [1467.07931495s]
Calculating dist values...
Done calculating dists [0.000701904296875s]
Total CQs: 149
Timed Out CQs: 57
Valid CQs: 3
Top 5 tuples:
(u'Dimension Films', u'$53,000,000', u'Quentin Tarantino'), Dist: 5.87919463087, # CQs: 3
(u'A Band Apart', u'$4,000,000', u'Quentin Tarantino'), Dist: 5.87919463087, # CQs: 3
(u'Rodriguez International Pictures', u'$53,000,000', u'Quentin Tarantino'), Dist: 5.87919463087, # CQs: 3
(u'Novacaine Films', u'$5,000', u'Quentin Tarantino'), Dist: 5.87919463087, # CQs: 3
(u'Yer Dead', u'$53,000,000', u'Quentin Tarantino'), Dist: 5.87919463087, # CQs: 3
DONE [Parse Time: 0s, Query Time: 1467.07931495s, Computation Time: 0.000701904296875s]

QUERY 125: exhaustive
Done executing CQs [15.0021240711s]
Calculating dist values...
Done calculating dists [7.91549682617e-05s]
Total CQs: 1
Timed Out CQs: 1
Valid CQs: 0
Top 5 tuples:
DONE [Parse Time: 0s, Query Time: 15.0021240711s, Computation Time: 7.91549682617e-05s]

QUERY 126: exhaustive
Done executing CQs [128.841897011s]
Calculating dist values...
Done calculating dists [0.000109910964966s]
Total CQs: 20
Timed Out CQs: 2
Valid CQs: 2
Top 5 tuples:
(u'Secrets of New York Fashion Week', u'NBCUniversal'), Dist: 3.6, # CQs: 2
DONE [Parse Time: 0s, Query Time: 128.841897011s, Computation Time: 0.000109910964966s]

QUERY 127: exhaustive
Done executing CQs [155.923016071s]
Calculating dist values...
Done calculating dists [0.000320196151733s]
Total CQs: 22
Timed Out CQs: 2
Valid CQs: 8
Top 5 tuples:
(u'Night on Earth', u'Jim Jarmusch'), Dist: 8.72727272727, # CQs: 6
(u'Permanent Vacation', u'Jim Jarmusch'), Dist: 8.72727272727, # CQs: 6
(u'Ghost Dog: The Way of the Samurai', u'Jim Jarmusch'), Dist: 8.72727272727, # CQs: 6
(u'Stranger Than Paradise', u'Jim Jarmusch'), Dist: 6.54545454545, # CQs: 4
(u'Ten Minutes Older: The Trumpet', u'Jim Jarmusch'), Dist: 6.54545454545, # CQs: 4
DONE [Parse Time: 0s, Query Time: 155.923016071s, Computation Time: 0.000320196151733s]

QUERY 128: exhaustive
Done executing CQs [34.6124868393s]
Calculating dist values...
Done calculating dists [0.00064492225647s]
Total CQs: 3
Timed Out CQs: 1
Valid CQs: 1
Top 5 tuples:
(u'Papa Luciani - Il sorriso di Dio', u'Gabriele Ferzetti'), Dist: 1.33333333333, # CQs: 1
(u'Guglielmo Tell', u'Gabriele Ferzetti'), Dist: 1.33333333333, # CQs: 1
(u'Rencontres', u'Gabriele Ferzetti'), Dist: 1.33333333333, # CQs: 1
(u'Porz\xfbs', u'Gabriele Ferzetti'), Dist: 1.33333333333, # CQs: 1
(u'...a tutte le auto della polizia...', u'Gabriele Ferzetti'), Dist: 1.33333333333, # CQs: 1
DONE [Parse Time: 0s, Query Time: 34.6124868393s, Computation Time: 0.00064492225647s]

